<?xml version="1.0" encoding="UTF-8"?>
<testsuite xmlns:xsi="http://www.w3.org/2001/XMLSchema-instance" xsi:noNamespaceSchemaLocation="https://maven.apache.org/surefire/maven-surefire-plugin/xsd/surefire-test-report-3.0.xsd" version="3.0" name="TaskManagerTest" time="0.277" tests="6" errors="0" skipped="0" failures="0">
  <properties>
[...]
</properties>
  <testcase name="testAddInvalidTask" classname="TaskManagerTest" time="0.137"/>
  <testcase name="testListTasksEmpty" classname="TaskManagerTest" time="0.002"/>
  <testcase name="testAddTask" classname="TaskManagerTest" time="0.003"/>
  <testcase name="testRemoveInvalidTask" classname="TaskManagerTest" time="0.003"/>
  <testcase name="testListTasks" classname="TaskManagerTest" time="0.018"/>
  <testcase name="testRemoveTask" classname="TaskManagerTest" time="0.002"/>
</testsuite>